-2.872181421997084
151.58702678800182
158.3201469340056
166.3220244309996
171.31308595500013
174.8880627450053
180.24900424500083
186.5740277069999
198.46808607600542
202.5271558750028
211.7860862410016
220.64406339199923
222.66006099100196
231.05604349799978
236.1991031889993
247.17107924500306
257.1571049150007
264.72212503500486
267.1460288620001
279.2320264720038
282.73910399000306
288.48002406800515
295.38611555100215
304.01198995100276
307.66408243200567
311.78713043700554
316.829075955
331.8840387119999
337.3311184129998
341.70112445999985
