-2.282888051995542
32.25028945300437
36.51323613800196
39.01926722800272
40.884243904998584
44.89727077700081
48.487208768005075
54.868271699000616
56.36431969499972
62.84019041300053
65.83028848499816
69.02228306100005
74.4632342190016
81.47023156700016
86.33730889200524
97.02422752699931
100.6682265519994
106.58523341899854
114.57824344400433
126.51726176399825
138.60524099699978
142.6532668880027
153.44226155200158
162.23528495700157
167.37125839500368
171.17324272599944
191.1014038630019
203.2183468910007
207.395242548002
212.75638164300472
217.39326656499907
220.9161912510026
226.76932792900334
