-3.0110983150007087
43.537716661005106
57.01465793000534
61.60274083400145
63.188669720999314
69.81359227299981
72.59267756800546
75.31258729500405
79.17863811700227
81.75464028500573
88.16270401300426
91.01169720599864
99.97471032899921
107.05778396400274
119.83261904700339
125.76164906000486
128.21269817100256
133.2816118680057
135.8336679300046
139.8006035100043
143.80872677600564
148.21769517099892
152.69567851399916
167.8256366160058
176.37866533399938
188.9846767820054
195.9736454140002
202.07170922500518
220.4266628330006
224.96169688200462
228.99165952399926
233.5156716670026
