-3.771354490003432
43.91512452800089
47.27912977599772
50.8121198680019
58.88311284199881
63.89814108399878
67.27618868400168
73.52913237600296
78.9511561870022
91.32510235300288
95.2121043119987
104.21513743499963
108.33812230799958
113.10811368100258
115.29614989399852
123.65216095600044
126.96912568999687
135.2831311839982
139.6741325280018
144.59712655300245
149.3541763030007
157.20708979699702
159.87017001299682
165.21817019199807
169.88112847100274
180.85708095599693
184.4291796519974
196.3982051569983
204.57512405500165
209.37412066399702
216.77312010400055
229.99909643799765
233.9441056220021
