-3.860160652002378
42.63228624199837
48.03821930500271
56.29717541699938
60.18920209100179
66.82113919800031
70.89516259700031
79.79614418099663
85.78416696299973
89.27423157799785
96.53819654299878
100.47120701899985
104.12119187400094
108.65820727800019
111.9402272840016
116.96517780700378
119.37819685199793
123.24622149499919
126.92730059300084
129.67316344699793
137.07211940800335
143.3862188359999
146.8051720739968
152.50513042300008
159.40718131200265
169.6995531290013
176.84219114600273
180.07417000900023
185.02625034799712
189.28414088599675
193.83517915399716
200.92821602500044
205.44919610900251
207.99513444100012
222.9462788899982
229.03815508099797
